<?xml version="1.0" encoding="UTF-8"?>
<testng-results ignored="0" total="1" passed="1" failed="0" skipped="0">
  <reporter-output>
  </reporter-output>
  <suite started-at="2022-09-03T22:17:51 EDT" name="Suite" finished-at="2022-09-03T22:18:26 EDT" duration-ms="34751">
    <groups>
    </groups>
    <test started-at="2022-09-03T22:17:51 EDT" name="Test" finished-at="2022-09-03T22:18:26 EDT" duration-ms="34751">
      <class name="com.selenium_2022.com.selenium_2022.testCases.TC_HomePageTest_001">
        <test-method is-config="true" signature="intBrowser()[pri:0, instance:com.selenium_2022.com.selenium_2022.testCases.TC_HomePageTest_001@2e8c1c9b]" started-at="2022-09-03T22:17:51 EDT" name="intBrowser" finished-at="2022-09-03T22:18:01 EDT" duration-ms="10033" status="PASS">
          <reporter-output>
          </reporter-output>
        </test-method> <!-- intBrowser -->
        <test-method signature="homePageTest()[pri:0, instance:com.selenium_2022.com.selenium_2022.testCases.TC_HomePageTest_001@2e8c1c9b]" started-at="2022-09-03T22:18:01 EDT" name="homePageTest" finished-at="2022-09-03T22:18:26 EDT" duration-ms="24582" status="PASS">
          <reporter-output>
          </reporter-output>
        </test-method> <!-- homePageTest -->
        <test-method is-config="true" signature="terminateBrowser()[pri:0, instance:com.selenium_2022.com.selenium_2022.testCases.TC_HomePageTest_001@2e8c1c9b]" started-at="2022-09-03T22:18:26 EDT" name="terminateBrowser" finished-at="2022-09-03T22:18:26 EDT" duration-ms="87" status="PASS">
          <reporter-output>
          </reporter-output>
        </test-method> <!-- terminateBrowser -->
      </class> <!-- com.selenium_2022.com.selenium_2022.testCases.TC_HomePageTest_001 -->
    </test> <!-- Test -->
  </suite> <!-- Suite -->
</testng-results>
