<?xml version="1.0" encoding="UTF-8"?>
<!-- Generated by org.testng.reporters.JUnitReportReporter -->
<testsuite hostname="Ragas-MacBook-Pro.local" failures="0" tests="1" name="com.selenium_2022.com.selenium_2022.testCases.TC_HomePageTest_001" time="24.582" errors="0" timestamp="2022-09-03T22:18:26 EDT" skipped="0">
  <testcase classname="com.selenium_2022.com.selenium_2022.testCases.TC_HomePageTest_001" name="homePageTest" time="24.582"/>
  <system-out/>
</testsuite> <!-- com.selenium_2022.com.selenium_2022.testCases.TC_HomePageTest_001 -->
